#
# There is insufficient memory for the Java Runtime Environment to continue.
# Native memory allocation (mmap) failed to map 201326592 bytes for G1 virtual space
# Possible reasons:
#   The system is out of physical RAM or swap space
#   The process is running with CompressedOops enabled, and the Java Heap may be blocking the growth of the native heap
# Possible solutions:
#   Reduce memory load on the system
#   Increase physical memory or swap space
#   Check if swap backing store is full
#   Decrease Java heap size (-Xmx/-Xms)
#   Decrease number of Java threads
#   Decrease Java thread stack sizes (-Xss)
#   Set larger code cache with -XX:ReservedCodeCacheSize=
#   JVM is running with Zero Based Compressed Oops mode in which the Java heap is
#     placed in the first 32GB address space. The Java Heap base address is the
#     maximum limit for the native heap growth. Please use -XX:HeapBaseMinAddress
#     to set the Java Heap base and to place the Java Heap above 32GB virtual address.
# This output file may be truncated or incomplete.
#
#  Out of Memory Error (os_windows.cpp:3613), pid=7752, tid=15056
#
# JRE version:  (17.0.9+9) (build )
# Java VM: OpenJDK 64-Bit Server VM (17.0.9+9, mixed mode, sharing, tiered, compressed oops, compressed class ptrs, g1 gc, windows-amd64)
# No core dump will be written. Minidumps are not enabled by default on client versions of Windows
#

---------------  S U M M A R Y ------------

Command Line: -Dfile.encoding=UTF-8 -Dstdout.encoding=UTF-8 -Dstderr.encoding=UTF-8 --module-path=C:\Users\andre\Java\eclipse-workspace\Glosförhör\bin -XX:+ShowCodeDetailsInExceptionMessages -Djdk.module.main=glosor glosor/glosor.Glosor

Host: Intel(R) Core(TM) i5 CPU         750  @ 2.67GHz, 4 cores, 11G,  Windows 10 , 64 bit Build 19041 (10.0.19041.3636)
Time: Mon Feb 26 13:15:51 2024 Västeuropa, normaltid elapsed time: 0.043690 seconds (0d 0h 0m 0s)

---------------  T H R E A D  ---------------

Current thread (0x000001223d86dee0):  JavaThread "Unknown thread" [_thread_in_vm, id=15056, stack(0x0000001ace300000,0x0000001ace400000)]

Stack: [0x0000001ace300000,0x0000001ace400000]
Native frames: (J=compiled Java code, j=interpreted, Vv=VM code, C=native code)
V  [jvm.dll+0x67cf49]
V  [jvm.dll+0x83478a]
V  [jvm.dll+0x83624e]
V  [jvm.dll+0x8368b3]
V  [jvm.dll+0x247f1f]
V  [jvm.dll+0x679d69]
V  [jvm.dll+0x66e6ba]
V  [jvm.dll+0x307e5b]
V  [jvm.dll+0x30f306]
V  [jvm.dll+0x35f0ce]
V  [jvm.dll+0x35f2ff]
V  [jvm.dll+0x2dea58]
V  [jvm.dll+0x2df9c4]
V  [jvm.dll+0x806031]
V  [jvm.dll+0x36cf31]
V  [jvm.dll+0x7e4aac]
V  [jvm.dll+0x3f07af]
V  [jvm.dll+0x3f23e1]
C  [jli.dll+0x528f]
C  [ucrtbase.dll+0x21bb2]
C  [KERNEL32.DLL+0x17344]
C  [ntdll.dll+0x526b1]


---------------  P R O C E S S  ---------------

Threads class SMR info:
_java_thread_list=0x00007ffda42dee98, length=0, elements={
}

Java Threads: ( => current thread )

Other Threads:
  0x000001223d8c6bd0 GCTaskThread "GC Thread#0" [stack: 0x0000001ace400000,0x0000001ace500000] [id=13792]
  0x000001223d8d38a0 ConcurrentGCThread "G1 Main Marker" [stack: 0x0000001ace500000,0x0000001ace600000] [id=3308]
  0x000001223d8d4070 ConcurrentGCThread "G1 Conc#0" [stack: 0x0000001ace600000,0x0000001ace700000] [id=11680]

[error occurred during error reporting (printing all threads), id 0xc0000005, EXCEPTION_ACCESS_VIOLATION (0xc0000005) at pc=0x00007ffda3a9f497]

VM state: not at safepoint (not fully initialized)

VM Mutex/Monitor currently owned by a thread:  ([mutex/lock_event])
[0x000001223d868610] Heap_lock - owner thread: 0x000001223d86dee0

Heap address: 0x0000000740200000, size: 3070 MB, Compressed Oops mode: Zero based, Oop shift amount: 3

CDS archive(s) mapped at: [0x0000000000000000-0x0000000000000000-0x0000000000000000), size 0, SharedBaseAddress: 0x0000000800000000, ArchiveRelocationMode: 1.
Narrow klass base: 0x0000000000000000, Narrow klass shift: 0, Narrow klass range: 0x0

GC Precious Log:
<Empty>

Heap:
 garbage-first heap   total 0K, used 0K [0x0000000740200000, 0x0000000800000000)
  region size 2048K, 0 young (0K), 0 survivors (0K)

[error occurred during error reporting (printing heap information), id 0xc0000005, EXCEPTION_ACCESS_VIOLATION (0xc0000005) at pc=0x00007ffda3e86c79]

GC Heap History (0 events):
No events

Dll operation events (1 events):
Event: 0.010 Loaded shared library C:\Users\andre\Java\eclipse-java-2023-12-R-win32-x86_64\eclipse\plugins\org.eclipse.justj.openjdk.hotspot.jre.full.win32.x86_64_17.0.9.v20231028-0858\jre\bin\java.dll

Deoptimization events (0 events):
No events

Classes unloaded (0 events):
No events

Classes redefined (0 events):
No events

Internal exceptions (0 events):
No events

VM Operations (0 events):
No events

Events (0 events):
No events


Dynamic libraries:
0x00007ff6e7e10000 - 0x00007ff6e7e1e000 	C:\Users\andre\Java\eclipse-java-2023-12-R-win32-x86_64\eclipse\plugins\org.eclipse.justj.openjdk.hotspot.jre.full.win32.x86_64_17.0.9.v20231028-0858\jre\bin\javaw.exe
0x00007ffe0a530000 - 0x00007ffe0a728000 	C:\WINDOWS\SYSTEM32\ntdll.dll
0x00007ffe09ee0000 - 0x00007ffe09f9d000 	C:\WINDOWS\System32\KERNEL32.DLL
0x00007ffe07fe0000 - 0x00007ffe082d6000 	C:\WINDOWS\System32\KERNELBASE.dll
0x00007ffe07dd0000 - 0x00007ffe07ed0000 	C:\WINDOWS\System32\ucrtbase.dll
0x00007ffdf9da0000 - 0x00007ffdf9db7000 	C:\Users\andre\Java\eclipse-java-2023-12-R-win32-x86_64\eclipse\plugins\org.eclipse.justj.openjdk.hotspot.jre.full.win32.x86_64_17.0.9.v20231028-0858\jre\bin\jli.dll
0x00007ffe09c40000 - 0x00007ffe09dde000 	C:\WINDOWS\System32\USER32.dll
0x00007ffe08330000 - 0x00007ffe08352000 	C:\WINDOWS\System32\win32u.dll
0x00007ffe0a4c0000 - 0x00007ffe0a4eb000 	C:\WINDOWS\System32\GDI32.dll
0x00007ffe07bf0000 - 0x00007ffe07d07000 	C:\WINDOWS\System32\gdi32full.dll
0x00007ffe07ed0000 - 0x00007ffe07f6d000 	C:\WINDOWS\System32\msvcp_win.dll
0x00007ffe03430000 - 0x00007ffe0344b000 	C:\Users\andre\Java\eclipse-java-2023-12-R-win32-x86_64\eclipse\plugins\org.eclipse.justj.openjdk.hotspot.jre.full.win32.x86_64_17.0.9.v20231028-0858\jre\bin\VCRUNTIME140.dll
0x00007ffdf5930000 - 0x00007ffdf5bca000 	C:\WINDOWS\WinSxS\amd64_microsoft.windows.common-controls_6595b64144ccf1df_6.0.19041.3636_none_60b6a03d71f818d5\COMCTL32.dll
0x00007ffe09de0000 - 0x00007ffe09e7e000 	C:\WINDOWS\System32\msvcrt.dll
0x00007ffe09140000 - 0x00007ffe09172000 	C:\WINDOWS\System32\IMM32.DLL
0x00007ffe02cd0000 - 0x00007ffe02cdc000 	C:\Users\andre\Java\eclipse-java-2023-12-R-win32-x86_64\eclipse\plugins\org.eclipse.justj.openjdk.hotspot.jre.full.win32.x86_64_17.0.9.v20231028-0858\jre\bin\vcruntime140_1.dll
0x00007ffdf6830000 - 0x00007ffdf68bd000 	C:\Users\andre\Java\eclipse-java-2023-12-R-win32-x86_64\eclipse\plugins\org.eclipse.justj.openjdk.hotspot.jre.full.win32.x86_64_17.0.9.v20231028-0858\jre\bin\msvcp140.dll
0x00007ffda37b0000 - 0x00007ffda4411000 	C:\Users\andre\Java\eclipse-java-2023-12-R-win32-x86_64\eclipse\plugins\org.eclipse.justj.openjdk.hotspot.jre.full.win32.x86_64_17.0.9.v20231028-0858\jre\bin\server\jvm.dll
0x00007ffe089d0000 - 0x00007ffe08a83000 	C:\WINDOWS\System32\ADVAPI32.dll
0x00007ffe092c0000 - 0x00007ffe0935f000 	C:\WINDOWS\System32\sechost.dll
0x00007ffe09360000 - 0x00007ffe09486000 	C:\WINDOWS\System32\RPCRT4.dll
0x00007ffe07da0000 - 0x00007ffe07dc7000 	C:\WINDOWS\System32\bcrypt.dll
0x00007ffe07140000 - 0x00007ffe0718b000 	C:\WINDOWS\SYSTEM32\POWRPROF.dll
0x00007ffe03350000 - 0x00007ffe03359000 	C:\WINDOWS\SYSTEM32\WSOCK32.dll
0x00007ffe0a450000 - 0x00007ffe0a4bb000 	C:\WINDOWS\System32\WS2_32.dll
0x00007ffdfc0f0000 - 0x00007ffdfc117000 	C:\WINDOWS\SYSTEM32\WINMM.dll
0x00007ffdfed70000 - 0x00007ffdfed7a000 	C:\WINDOWS\SYSTEM32\VERSION.dll
0x00007ffe07000000 - 0x00007ffe07012000 	C:\WINDOWS\SYSTEM32\UMPDC.dll
0x00007ffe059e0000 - 0x00007ffe059f2000 	C:\WINDOWS\SYSTEM32\kernel.appcore.dll
0x00007ffe02a60000 - 0x00007ffe02a6a000 	C:\Users\andre\Java\eclipse-java-2023-12-R-win32-x86_64\eclipse\plugins\org.eclipse.justj.openjdk.hotspot.jre.full.win32.x86_64_17.0.9.v20231028-0858\jre\bin\jimage.dll
0x00007ffe01e10000 - 0x00007ffe01ff4000 	C:\WINDOWS\SYSTEM32\DBGHELP.DLL
0x00007ffdfe870000 - 0x00007ffdfe8a4000 	C:\WINDOWS\SYSTEM32\dbgcore.DLL
0x00007ffe07d10000 - 0x00007ffe07d92000 	C:\WINDOWS\System32\bcryptPrimitives.dll
0x00007ffdf7d30000 - 0x00007ffdf7d55000 	C:\Users\andre\Java\eclipse-java-2023-12-R-win32-x86_64\eclipse\plugins\org.eclipse.justj.openjdk.hotspot.jre.full.win32.x86_64_17.0.9.v20231028-0858\jre\bin\java.dll

dbghelp: loaded successfully - version: 4.0.5 - missing functions: none
symbol engine: initialized successfully - sym options: 0x614 - pdb path: .;C:\Users\andre\Java\eclipse-java-2023-12-R-win32-x86_64\eclipse\plugins\org.eclipse.justj.openjdk.hotspot.jre.full.win32.x86_64_17.0.9.v20231028-0858\jre\bin;C:\WINDOWS\SYSTEM32;C:\WINDOWS\WinSxS\amd64_microsoft.windows.common-controls_6595b64144ccf1df_6.0.19041.3636_none_60b6a03d71f818d5;C:\Users\andre\Java\eclipse-java-2023-12-R-win32-x86_64\eclipse\plugins\org.eclipse.justj.openjdk.hotspot.jre.full.win32.x86_64_17.0.9.v20231028-0858\jre\bin\server

VM Arguments:
jvm_args: -Dfile.encoding=UTF-8 -Dstdout.encoding=UTF-8 -Dstderr.encoding=UTF-8 --module-path=C:\Users\andre\Java\eclipse-workspace\Glosförhör\bin -XX:+ShowCodeDetailsInExceptionMessages -Djdk.module.main=glosor 
java_command: glosor/glosor.Glosor
java_class_path (initial): <not set>
Launcher Type: SUN_STANDARD

[Global flags]
     intx CICompilerCount                          = 3                                         {product} {ergonomic}
     uint ConcGCThreads                            = 1                                         {product} {ergonomic}
     uint G1ConcRefinementThreads                  = 4                                         {product} {ergonomic}
   size_t G1HeapRegionSize                         = 2097152                                   {product} {ergonomic}
    uintx GCDrainStackTargetSize                   = 64                                        {product} {ergonomic}
   size_t InitialHeapSize                          = 201326592                                 {product} {ergonomic}
   size_t MarkStackSize                            = 4194304                                   {product} {ergonomic}
   size_t MaxHeapSize                              = 3219128320                                {product} {ergonomic}
   size_t MinHeapDeltaBytes                        = 2097152                                   {product} {ergonomic}
   size_t MinHeapSize                              = 8388608                                   {product} {ergonomic}
    uintx NonNMethodCodeHeapSize                   = 5832780                                {pd product} {ergonomic}
    uintx NonProfiledCodeHeapSize                  = 122912730                              {pd product} {ergonomic}
    uintx ProfiledCodeHeapSize                     = 122912730                              {pd product} {ergonomic}
    uintx ReservedCodeCacheSize                    = 251658240                              {pd product} {ergonomic}
     bool SegmentedCodeCache                       = true                                      {product} {ergonomic}
     bool ShowCodeDetailsInExceptionMessages       = true                                   {manageable} {command line}
   size_t SoftMaxHeapSize                          = 3219128320                             {manageable} {ergonomic}
     bool UseCompressedClassPointers               = true                           {product lp64_product} {ergonomic}
     bool UseCompressedOops                        = true                           {product lp64_product} {ergonomic}
     bool UseG1GC                                  = true                                      {product} {ergonomic}
     bool UseLargePagesIndividualAllocation        = false                                  {pd product} {ergonomic}

Logging:
Log output configuration:
 #0: stdout all=warning uptime,level,tags
 #1: stderr all=off uptime,level,tags

Environment Variables:
PATH=C:/Users/andre/Java/eclipse-java-2023-12-R-win32-x86_64/eclipse//plugins/org.eclipse.justj.openjdk.hotspot.jre.full.win32.x86_64_17.0.9.v20231028-0858/jre/bin/server;C:/Users/andre/Java/eclipse-java-2023-12-R-win32-x86_64/eclipse//plugins/org.eclipse.justj.openjdk.hotspot.jre.full.win32.x86_64_17.0.9.v20231028-0858/jre/bin;C:\Program Files\Common Files\Oracle\Java\javapath;C:\WINDOWS\system32;C:\WINDOWS;C:\WINDOWS\System32\Wbem;C:\WINDOWS\System32\WindowsPowerShell\v1.0\;C:\WINDOWS\System32\OpenSSH\;C:\Users\andre\Java\Git\cmd;C:\Users\andre\AppData\Local\Microsoft\WindowsApps;C:\Users\andre\AppData\Local\Programs\Microsoft VS Code\bin;C:\Users\andre\Java\eclipse-java-2023-12-R-win32-x86_64\eclipse;
USERNAME=andre
OS=Windows_NT
PROCESSOR_IDENTIFIER=Intel64 Family 6 Model 30 Stepping 5, GenuineIntel
TMP=C:\Users\andre\AppData\Local\Temp
TEMP=C:\Users\andre\AppData\Local\Temp



Periodic native trim disabled


---------------  S Y S T E M  ---------------

OS:
 Windows 10 , 64 bit Build 19041 (10.0.19041.3636)
OS uptime: 8 days 13:06 hours

CPU: total 4 (initial active 4) (4 cores per cpu, 1 threads per core) family 6 model 30 stepping 5 microcode 0xa, cx8, cmov, fxsr, mmx, sse, sse2, sse3, ssse3, sse4.1, sse4.2, popcnt, tsc, tscinvbit, clflush
Processor Information for all 4 processors :
  Max Mhz: 2667, Current Mhz: 2667, Mhz Limit: 2667

Memory: 4k page, system-wide physical 12279M (6125M free)
TotalPageFile size 16375M (AvailPageFile size 120M)
current process WorkingSet (physical memory assigned to process): 10M, peak: 10M
current process commit charge ("private bytes"): 51M, peak: 243M

vm_info: OpenJDK 64-Bit Server VM (17.0.9+9) for windows-amd64 JRE (17.0.9+9), built on Oct 26 2023 14:01:42 by "admin" with MS VC++ 16.10 / 16.11 (VS2019)

END.
